<?xml version="1.0" encoding="UTF-8"?>
<!-- Generated by org.testng.reporters.JUnitReportReporter -->
<testsuite hostname="TJ-LP-175" name="AutomationFramework.testcases.LoginPageTest" tests="2" failures="0" timestamp="11 Oct 2019 09:18:55 GMT" time="28.317" errors="0">
  <testcase name="loginPageValidation" time="14.041" classname="AutomationFramework.testcases.LoginPageTest"/>
  <testcase name="loginPageValidation" time="14.276" classname="AutomationFramework.testcases.LoginPageTest"/>
</testsuite> <!-- AutomationFramework.testcases.LoginPageTest -->
