<?xml version="1.0" encoding="UTF-8"?>
<!-- Generated by org.testng.reporters.JUnitReportReporter -->
<testsuite hostname="TJ-LP-175" name="AutomationFramework.testcases.DestinationPageTest" tests="1" failures="0" timestamp="11 Oct 2019 09:18:55 GMT" time="14.142" errors="0">
  <testcase name="destinationClick" time="14.142" classname="AutomationFramework.testcases.DestinationPageTest"/>
</testsuite> <!-- AutomationFramework.testcases.DestinationPageTest -->
