<?xml version="1.0" encoding="UTF-8"?>
<!-- Generated by org.testng.reporters.JUnitReportReporter -->
<testsuite hostname="TJ-LP-175" name="AutomationFramework.testcases.HomePageTest" tests="2" failures="0" timestamp="11 Oct 2019 09:18:55 GMT" time="51.989" errors="0">
  <testcase name="homePageValidation" time="29.210" classname="AutomationFramework.testcases.HomePageTest"/>
  <testcase name="destinationClick" time="22.779" classname="AutomationFramework.testcases.HomePageTest"/>
</testsuite> <!-- AutomationFramework.testcases.HomePageTest -->
